app/build/intermediates/manifest_merge_blame_file/debug/manifest-merger-blame-debug-report.txt
1<?xml version="1.0" encoding="utf-8"?>
2<manifest xmlns:android="http://schemas.android.com/apk/res/android"
3    package="com.example.matrimony"
4    android:versionCode="1"
5    android:versionName="1.0" >
6
7    <uses-sdk
7-->src\main\AndroidManifest.xml:6:5-66
8        android:minSdkVersion="16"
8-->src\main\AndroidManifest.xml:6:5-66
9        android:targetSdkVersion="30" />
9-->src\main\AndroidManifest.xml:6:5-66
10
11    <application
11-->src\main\AndroidManifest.xml:8:5-36:19
12        android:allowBackup="true"
12-->src\main\AndroidManifest.xml:9:9-35
13        android:appComponentFactory="androidx.core.app.CoreComponentFactory"
13-->[androidx.core:core:1.6.0] AndroidManifest.xml:24:18-86
14        android:debuggable="true"
15        android:icon="@mipmap/ic_launcher_app"
15-->src\main\AndroidManifest.xml:10:9-47
16        android:label="@string/app_name"
16-->src\main\AndroidManifest.xml:11:9-41
17        android:roundIcon="@mipmap/ic_launcher_app_round"
17-->src\main\AndroidManifest.xml:12:9-58
18        android:supportsRtl="true"
18-->src\main\AndroidManifest.xml:13:9-35
19        android:theme="@style/NoActionBar" >
19-->src\main\AndroidManifest.xml:14:9-43
20        <activity android:name="com.example.matrimony.activity.RegisterActivity" />
20-->src\main\AndroidManifest.xml:15:9-72
20-->src\main\AndroidManifest.xml:15:19-60
21        <activity android:name="com.example.matrimony.activity.LoginActivity" />
21-->src\main\AndroidManifest.xml:16:9-60
21-->src\main\AndroidManifest.xml:16:19-57
22        <activity android:name="com.example.matrimony.activity.SplashActivity" >
22-->src\main\AndroidManifest.xml:17:9-23:20
22-->src\main\AndroidManifest.xml:17:19-58
23            <intent-filter>
23-->src\main\AndroidManifest.xml:18:13-22:29
24                <action android:name="android.intent.action.MAIN" />
24-->src\main\AndroidManifest.xml:19:17-69
24-->src\main\AndroidManifest.xml:19:25-66
25
26                <category android:name="android.intent.category.LAUNCHER" />
26-->src\main\AndroidManifest.xml:21:17-77
26-->src\main\AndroidManifest.xml:21:27-74
27            </intent-filter>
28        </activity>
29        <activity
29-->src\main\AndroidManifest.xml:24:9-26:61
30            android:name="com.example.matrimony.activity.MainActivity"
30-->src\main\AndroidManifest.xml:25:13-50
31            android:screenOrientation="portrait" />
31-->src\main\AndroidManifest.xml:26:13-49
32        <activity
32-->src\main\AndroidManifest.xml:27:9-29:61
33            android:name="com.example.matrimony.activity.ShowDetails"
33-->src\main\AndroidManifest.xml:28:13-49
34            android:screenOrientation="portrait" />
34-->src\main\AndroidManifest.xml:29:13-49
35        <activity
35-->src\main\AndroidManifest.xml:31:9-33:61
36            android:name="com.example.matrimony.activity.MenDetailsShow"
36-->src\main\AndroidManifest.xml:32:13-52
37            android:screenOrientation="portrait" />
37-->src\main\AndroidManifest.xml:33:13-49
38    </application>
39
40</manifest>